[debug] [2022-09-12T03:02:32.872Z] ----------------------------------------------------------------------
[debug] [2022-09-12T03:02:32.876Z] Command:       /home/rushike/.nvm/versions/node/v16.17.0/bin/node /home/rushike/.nvm/versions/node/v16.17.0/bin/firebase deploy
[debug] [2022-09-12T03:02:32.877Z] CLI Version:   11.8.1
[debug] [2022-09-12T03:02:32.877Z] Platform:      linux
[debug] [2022-09-12T03:02:32.878Z] Node Version:  v16.17.0
[debug] [2022-09-12T03:02:32.879Z] Time:          Mon Sep 12 2022 08:32:32 GMT+0530 (India Standard Time)
[debug] [2022-09-12T03:02:32.879Z] ----------------------------------------------------------------------
[debug] 
[debug] [2022-09-12T03:02:33.004Z] > command requires scopes: ["email","openid","https://www.googleapis.com/auth/cloudplatformprojects.readonly","https://www.googleapis.com/auth/firebase","https://www.googleapis.com/auth/cloud-platform"]
[debug] [2022-09-12T03:02:33.004Z] > authorizing via signed-in user (maths163@hotmail.com)
[debug] [2022-09-12T03:02:33.005Z] [iam] checking project posittvibe for permissions ["datastore.indexes.create","datastore.indexes.delete","datastore.indexes.list","datastore.indexes.update","firebase.projects.get","firebasedatabase.instances.update","firebasehosting.sites.update","firebaserules.releases.create","firebaserules.releases.update","firebaserules.rulesets.create"]
[debug] [2022-09-12T03:02:33.009Z] >>> [apiv2][query] POST https://cloudresourcemanager.googleapis.com/v1/projects/posittvibe:testIamPermissions [none]
[debug] [2022-09-12T03:02:33.010Z] >>> [apiv2][(partial)header] POST https://cloudresourcemanager.googleapis.com/v1/projects/posittvibe:testIamPermissions x-goog-quota-user=projects/posittvibe
[debug] [2022-09-12T03:02:33.010Z] >>> [apiv2][body] POST https://cloudresourcemanager.googleapis.com/v1/projects/posittvibe:testIamPermissions {"permissions":["datastore.indexes.create","datastore.indexes.delete","datastore.indexes.list","datastore.indexes.update","firebase.projects.get","firebasedatabase.instances.update","firebasehosting.sites.update","firebaserules.releases.create","firebaserules.releases.update","firebaserules.rulesets.create"]}
[debug] [2022-09-12T03:02:39.862Z] <<< [apiv2][status] POST https://cloudresourcemanager.googleapis.com/v1/projects/posittvibe:testIamPermissions 200
[debug] [2022-09-12T03:02:39.863Z] <<< [apiv2][body] POST https://cloudresourcemanager.googleapis.com/v1/projects/posittvibe:testIamPermissions {"permissions":["datastore.indexes.create","datastore.indexes.delete","datastore.indexes.list","datastore.indexes.update","firebase.projects.get","firebasedatabase.instances.update","firebasehosting.sites.update","firebaserules.releases.create","firebaserules.releases.update","firebaserules.rulesets.create"]}
[debug] [2022-09-12T03:02:39.867Z] >>> [apiv2][query] GET https://firebase.googleapis.com/v1beta1/projects/posittvibe [none]
[debug] [2022-09-12T03:02:40.368Z] <<< [apiv2][status] GET https://firebase.googleapis.com/v1beta1/projects/posittvibe 200
[debug] [2022-09-12T03:02:40.369Z] <<< [apiv2][body] GET https://firebase.googleapis.com/v1beta1/projects/posittvibe {"projectId":"posittvibe","projectNumber":"1029513607847","displayName":"posittvibe","name":"projects/posittvibe","resources":{"hostingSite":"posittvibe","realtimeDatabaseInstance":"posittvibe-default-rtdb","storageBucket":"posittvibe.appspot.com","locationId":"us-central"},"state":"ACTIVE","etag":"1_07245549-7b84-47a5-92ed-6f7186ae6cda"}
[debug] [2022-09-12T03:02:40.370Z] >>> [apiv2][query] GET https://firebase.googleapis.com/v1beta1/projects/posittvibe [none]
[debug] [2022-09-12T03:02:41.025Z] <<< [apiv2][status] GET https://firebase.googleapis.com/v1beta1/projects/posittvibe 200
[debug] [2022-09-12T03:02:41.026Z] <<< [apiv2][body] GET https://firebase.googleapis.com/v1beta1/projects/posittvibe {"projectId":"posittvibe","projectNumber":"1029513607847","displayName":"posittvibe","name":"projects/posittvibe","resources":{"hostingSite":"posittvibe","realtimeDatabaseInstance":"posittvibe-default-rtdb","storageBucket":"posittvibe.appspot.com","locationId":"us-central"},"state":"ACTIVE","etag":"1_07245549-7b84-47a5-92ed-6f7186ae6cda"}
[info] 
[info] === Deploying to 'posittvibe'...
[info] 
[info] i  deploying database, storage, firestore, hosting 
[info] i  database: checking rules syntax... 
[debug] [2022-09-12T03:02:41.037Z] >>> [apiv2][query] GET https://firebasedatabase.googleapis.com/v1beta/projects/posittvibe/locations/-/instances/posittvibe-default-rtdb [none]
[debug] [2022-09-12T03:02:41.992Z] <<< [apiv2][status] GET https://firebasedatabase.googleapis.com/v1beta/projects/posittvibe/locations/-/instances/posittvibe-default-rtdb 200
[debug] [2022-09-12T03:02:41.992Z] <<< [apiv2][body] GET https://firebasedatabase.googleapis.com/v1beta/projects/posittvibe/locations/-/instances/posittvibe-default-rtdb {"name":"projects/1029513607847/locations/asia-southeast1/instances/posittvibe-default-rtdb","project":"projects/1029513607847","databaseUrl":"https://posittvibe-default-rtdb.asia-southeast1.firebasedatabase.app","type":"DEFAULT_DATABASE","state":"ACTIVE"}
[debug] [2022-09-12T03:02:41.999Z] >>> [apiv2][query] PUT https://posittvibe-default-rtdb.asia-southeast1.firebasedatabase.app/.settings/rules.json dryRun=true
[debug] [2022-09-12T03:02:41.999Z] >>> [apiv2][body] PUT https://posittvibe-default-rtdb.asia-southeast1.firebasedatabase.app/.settings/rules.json "{\n  /* Visit https://firebase.google.com/docs/database/security to learn more about security rules. */\n  \"rules\": {\n    \".read\": false,\n    \".write\": false\n  }\n}"
[debug] [2022-09-12T03:02:42.317Z] <<< [apiv2][status] PUT https://posittvibe-default-rtdb.asia-southeast1.firebasedatabase.app/.settings/rules.json 200
[debug] [2022-09-12T03:02:42.317Z] <<< [apiv2][body] PUT https://posittvibe-default-rtdb.asia-southeast1.firebasedatabase.app/.settings/rules.json {"status":"ok"}
[info] ✔  database: rules syntax for database posittvibe-default-rtdb is valid 
[debug] [2022-09-12T03:02:42.322Z] >>> [apiv2][query] GET https://appengine.googleapis.com/v1/apps/posittvibe [none]
